2025-06-23 17:03:22,718 - INFO - Starte Verarbeitung: Lena Marie Miller, Song: Imagine Dragons - Believer, Startzeit: 00:23
2025-06-23 17:03:22,718 - INFO - Versuche Download: 'Imagine Dragons - Believer', Versuch 1
2025-06-23 17:03:22,718 - INFO - Starte Verarbeitung: Tim Andrew Smith, Song: Taylor Swift - Shake It Off, Startzeit: 00:45
2025-06-23 17:03:22,718 - INFO - Starte Verarbeitung: Sophie Meyer, Song: Coldplay - Viva La Vida, Startzeit: 00:10
2025-06-23 17:03:22,719 - INFO - Starte Verarbeitung: Jonah Taylor, Song: Eminem - Lose Yourself, Startzeit: 00:30
2025-06-23 17:03:22,719 - INFO - Versuche Download: 'Taylor Swift - Shake It Off', Versuch 1
2025-06-23 17:03:22,719 - INFO - Versuche Download: 'Coldplay - Viva La Vida', Versuch 1
2025-06-23 17:03:22,719 - INFO - Starte Verarbeitung: Emily Fisher, Song: Adele - Rolling in the Deep, Startzeit: 00:15
2025-06-23 17:03:22,719 - INFO - Versuche Download: 'Eminem - Lose Yourself', Versuch 1
2025-06-23 17:03:22,719 - INFO - Starte Verarbeitung: Maximilian Schneider, Song: Linkin Park - Numb, Startzeit: 00:05
2025-06-23 17:03:22,720 - INFO - Starte Verarbeitung: Anna Weber, Song: Ed Sheeran - Shape of You, Startzeit: 00:20
2025-06-23 17:03:22,721 - INFO - Versuche Download: 'Adele - Rolling in the Deep', Versuch 1
2025-06-23 17:03:22,721 - INFO - Starte Verarbeitung: Felix Klein, Song: Bruno Mars - Uptown Funk, Startzeit: 00:12
2025-06-23 17:03:22,722 - INFO - Starte Verarbeitung: Clara Wolf, Song: Maroon 5 - Sugar, Startzeit: 00:18
2025-06-23 17:03:22,722 - INFO - Versuche Download: 'Linkin Park - Numb', Versuch 1
2025-06-23 17:03:22,722 - INFO - Starte Verarbeitung: Lukas Becker, Song: The Weeknd - Blinding Lights, Startzeit: 00:25
2025-06-23 17:03:22,722 - INFO - Versuche Download: 'Ed Sheeran - Shape of You', Versuch 1
2025-06-23 17:03:22,723 - INFO - Versuche Download: 'Bruno Mars - Uptown Funk', Versuch 1
2025-06-23 17:03:22,723 - INFO - Versuche Download: 'Maroon 5 - Sugar', Versuch 1
2025-06-23 17:03:22,724 - INFO - Versuche Download: 'The Weeknd - Blinding Lights', Versuch 1
2025-06-23 17:03:32,493 - INFO - Erfolgreich gespeichert: /Users/robertkrause/Documents/Projekte/Abi25Audio/Schneider, Maximilian.mp3
2025-06-23 17:03:32,494 - INFO - Starte Verarbeitung: Marie Hoffmann, Song: Billie Eilish - Bad Guy, Startzeit: 00:30
2025-06-23 17:03:32,494 - INFO - Versuche Download: 'Billie Eilish - Bad Guy', Versuch 1
2025-06-23 17:03:33,384 - INFO - Erfolgreich gespeichert: /Users/robertkrause/Documents/Projekte/Abi25Audio/Smith, Tim Andrew.mp3
2025-06-23 17:03:33,384 - INFO - Starte Verarbeitung: Jonas Zimmermann, Song: Coldplay - Fix You, Startzeit: 00:40
2025-06-23 17:03:33,384 - INFO - Versuche Download: 'Coldplay - Fix You', Versuch 1
2025-06-23 17:03:34,239 - INFO - Erfolgreich gespeichert: /Users/robertkrause/Documents/Projekte/Abi25Audio/Meyer, Sophie.mp3
2025-06-23 17:03:34,240 - INFO - Starte Verarbeitung: Lea Schmidt, Song: Ariana Grande - Thank U, Next, Startzeit: 00:22
2025-06-23 17:03:34,240 - INFO - Versuche Download: 'Ariana Grande - Thank U, Next', Versuch 1
2025-06-23 17:03:34,852 - INFO - Erfolgreich gespeichert: /Users/robertkrause/Documents/Projekte/Abi25Audio/Miller, Lena Marie.mp3
2025-06-23 17:03:34,865 - INFO - Starte Verarbeitung: Paul Neumann, Song: Imagine Dragons - Thunder, Startzeit: 00:35
2025-06-23 17:03:34,871 - INFO - Versuche Download: 'Imagine Dragons - Thunder', Versuch 1
2025-06-23 17:03:35,141 - INFO - Erfolgreich gespeichert: /Users/robertkrause/Documents/Projekte/Abi25Audio/Wolf, Clara.mp3
2025-06-23 17:03:35,142 - INFO - Starte Verarbeitung: Nina Fischer, Song: Dua Lipa - Levitating, Startzeit: 00:28
2025-06-23 17:03:35,142 - INFO - Versuche Download: 'Dua Lipa - Levitating', Versuch 1
2025-06-23 17:03:35,397 - INFO - Erfolgreich gespeichert: /Users/robertkrause/Documents/Projekte/Abi25Audio/Weber, Anna.mp3
2025-06-23 17:03:35,554 - INFO - Erfolgreich gespeichert: /Users/robertkrause/Documents/Projekte/Abi25Audio/Becker, Lukas.mp3
2025-06-23 17:03:35,694 - INFO - Erfolgreich gespeichert: /Users/robertkrause/Documents/Projekte/Abi25Audio/Fisher, Emily.mp3
2025-06-23 17:03:35,839 - INFO - Erfolgreich gespeichert: /Users/robertkrause/Documents/Projekte/Abi25Audio/Klein, Felix.mp3
2025-06-23 17:03:36,179 - INFO - Erfolgreich gespeichert: /Users/robertkrause/Documents/Projekte/Abi25Audio/Taylor, Jonah.mp3
2025-06-23 17:03:39,349 - INFO - Erfolgreich gespeichert: /Users/robertkrause/Documents/Projekte/Abi25Audio/Hoffmann, Marie.mp3
2025-06-23 17:03:40,647 - INFO - Erfolgreich gespeichert: /Users/robertkrause/Documents/Projekte/Abi25Audio/Zimmermann, Jonas.mp3
2025-06-23 17:03:42,662 - INFO - Erfolgreich gespeichert: /Users/robertkrause/Documents/Projekte/Abi25Audio/Schmidt, Lea.mp3
2025-06-23 17:03:43,545 - INFO - Erfolgreich gespeichert: /Users/robertkrause/Documents/Projekte/Abi25Audio/Neumann, Paul.mp3
2025-06-23 17:03:43,814 - INFO - Erfolgreich gespeichert: /Users/robertkrause/Documents/Projekte/Abi25Audio/Fischer, Nina.mp3
